<?xml version="1.0" encoding="UTF-8"?>
<!-- Generated by org.testng.reporters.JUnitReportReporter -->
<testsuite hostname="ANIL" failures="0" tests="4" name="com.wipro.testcases.TC01" time="33.673" errors="0" timestamp="2022-05-18T17:32:15 IST" skipped="0">
  <testcase classname="com.wipro.testcases.TC01" name="testRegistrationOfCustomer" time="11.711"/>
  <system-out/>
  <testcase classname="com.wipro.testcases.TC01" name="testContactUsFunctionality" time="3.842"/>
  <system-out/>
  <testcase classname="com.wipro.testcases.TC01" name="testReviewProductFunctionality" time="13.159"/>
  <system-out/>
  <testcase classname="com.wipro.testcases.TC01" name="testAddToCart" time="4.961"/>
  <system-out/>
</testsuite> <!-- com.wipro.testcases.TC01 -->
